<?xml version="1.0" encoding="UTF-8"?>
<testsuite name="hello.core.member.MemberServiceTest" tests="1" skipped="0" failures="0" errors="0" timestamp="2022-09-12T14:27:08" hostname="Giyeonui-MacBookPro.local" time="0.067">
  <properties/>
  <testcase name="join()" classname="hello.core.member.MemberServiceTest" time="0.067"/>
  <system-out><![CDATA[]]></system-out>
  <system-err><![CDATA[]]></system-err>
</testsuite>
