<?xml version="1.0" encoding="UTF-8"?>
<testsuite name="hello.core.scan.AutoAppConfigTest" tests="1" skipped="0" failures="0" errors="0" timestamp="2022-09-13T12:40:46" hostname="Giyeonui-MacBookPro.local" time="0.233">
  <properties/>
  <testcase name="basicScan()" classname="hello.core.scan.AutoAppConfigTest" time="0.233"/>
  <system-out><![CDATA[21:40:46.538 [Test worker] DEBUG org.springframework.context.annotation.AnnotationConfigApplicationContext - Refreshing org.springframework.context.annotation.AnnotationConfigApplicationContext@7fd7a283
21:40:46.548 [Test worker] DEBUG org.springframework.beans.factory.support.DefaultListableBeanFactory - Creating shared instance of singleton bean 'org.springframework.context.annotation.internalConfigurationAnnotationProcessor'
21:40:46.592 [Test worker] DEBUG org.springframework.context.annotation.ClassPathBeanDefinitionScanner - Identified candidate component class: file [/Users/giyeonpak/Desktop/SpringBoot/4. aop-core/build/classes/java/main/hello/core/discount/RateDiscountPolicy.class]
21:40:46.593 [Test worker] DEBUG org.springframework.context.annotation.ClassPathBeanDefinitionScanner - Identified candidate component class: file [/Users/giyeonpak/Desktop/SpringBoot/4. aop-core/build/classes/java/main/hello/core/repository/MemoryMemberRepository.class]
21:40:46.594 [Test worker] DEBUG org.springframework.context.annotation.ClassPathBeanDefinitionScanner - Identified candidate component class: file [/Users/giyeonpak/Desktop/SpringBoot/4. aop-core/build/classes/java/main/hello/core/service/MemberServiceImpl.class]
21:40:46.594 [Test worker] DEBUG org.springframework.context.annotation.ClassPathBeanDefinitionScanner - Identified candidate component class: file [/Users/giyeonpak/Desktop/SpringBoot/4. aop-core/build/classes/java/main/hello/core/service/OrderServiceImpl.class]
21:40:46.633 [Test worker] DEBUG org.springframework.beans.factory.support.DefaultListableBeanFactory - Creating shared instance of singleton bean 'org.springframework.context.event.internalEventListenerProcessor'
21:40:46.634 [Test worker] DEBUG org.springframework.beans.factory.support.DefaultListableBeanFactory - Creating shared instance of singleton bean 'org.springframework.context.event.internalEventListenerFactory'
21:40:46.635 [Test worker] DEBUG org.springframework.beans.factory.support.DefaultListableBeanFactory - Creating shared instance of singleton bean 'org.springframework.context.annotation.internalAutowiredAnnotationProcessor'
21:40:46.635 [Test worker] DEBUG org.springframework.beans.factory.support.DefaultListableBeanFactory - Creating shared instance of singleton bean 'org.springframework.context.annotation.internalCommonAnnotationProcessor'
21:40:46.640 [Test worker] DEBUG org.springframework.beans.factory.support.DefaultListableBeanFactory - Creating shared instance of singleton bean 'autoAppConfig'
21:40:46.642 [Test worker] DEBUG org.springframework.beans.factory.support.DefaultListableBeanFactory - Creating shared instance of singleton bean 'rateDiscountPolicy'
21:40:46.642 [Test worker] DEBUG org.springframework.beans.factory.support.DefaultListableBeanFactory - Creating shared instance of singleton bean 'memoryMemberRepository'
21:40:46.642 [Test worker] DEBUG org.springframework.beans.factory.support.DefaultListableBeanFactory - Creating shared instance of singleton bean 'memberServiceImpl'
21:40:46.649 [Test worker] DEBUG org.springframework.beans.factory.support.DefaultListableBeanFactory - Autowiring by type from bean name 'memberServiceImpl' via constructor to bean named 'memoryMemberRepository'
21:40:46.649 [Test worker] DEBUG org.springframework.beans.factory.support.DefaultListableBeanFactory - Creating shared instance of singleton bean 'orderServiceImpl'
21:40:46.650 [Test worker] DEBUG org.springframework.beans.factory.support.DefaultListableBeanFactory - Autowiring by type from bean name 'orderServiceImpl' via constructor to bean named 'memoryMemberRepository'
21:40:46.650 [Test worker] DEBUG org.springframework.beans.factory.support.DefaultListableBeanFactory - Autowiring by type from bean name 'orderServiceImpl' via constructor to bean named 'rateDiscountPolicy'
]]></system-out>
  <system-err><![CDATA[]]></system-err>
</testsuite>
